<?xml version="1.0" encoding="UTF-8"?>
<testsuite xmlns:xsi="http://www.w3.org/2001/XMLSchema-instance" xsi:noNamespaceSchemaLocation="https://maven.apache.org/surefire/maven-surefire-plugin/xsd/surefire-test-report-3.0.xsd" version="3.0" name="Apply Leave" time="116.452" tests="7" errors="0" skipped="0" failures="0">
  <properties>
[...]
</properties>
  <testcase name="Create employee" classname="Create employees" time="14.706"/>
  <testcase name="Add Leave Entitlement for employee by admin" classname="Create employees" time="13.988"/>
  <testcase name="Add Leave Entitlement for employee by admin" classname="Create employees" time="15.598"/>
  <testcase name="Add Leave Entitlement for employee by admin" classname="Create employees" time="13.894"/>
  <testcase name="Verify that ESS can apply leave Full Day with valid data" classname="Apply Leave" time="19.269"/>
  <testcase name="Verify that ESS can apply leave Haft Day with valid data" classname="Apply Leave" time="21.638"/>
  <testcase name="Verify that ESS can apply leave specify time with valid data" classname="Apply Leave" time="17.206"/>
</testsuite>